<?xml version="1.0" encoding="UTF-8"?>
<!-- Generated by org.testng.reporters.JUnitXMLReporter -->
<testsuite ignored="1" hostname="PSL-FK57XM3" failures="0" tests="1" name="Default test" time="1.922" errors="0" timestamp="2023-08-29T19:05:37 IST">
  <testcase classname="test.APITest1" name="T01_StatusCodeAndGetClientsTest" time="1.176"/>
  <testcase classname="test.APITest1" name="T02_GetAndroidModelPackageOptions" time="0.0">
    <ignored/>
  </testcase> <!-- T02_GetAndroidModelPackageOptions -->
</testsuite> <!-- Default test -->
