<?xml version="1.0" encoding="UTF-8"?>
<testng-results ignored="1" total="2" passed="1" failed="0" skipped="0">
  <reporter-output>
  </reporter-output>
  <suite started-at="2023-08-29T19:05:35 IST" name="Default suite" finished-at="2023-08-29T19:05:37 IST" duration-ms="1922">
    <groups>
    </groups>
    <test started-at="2023-08-29T19:05:35 IST" name="Default test" finished-at="2023-08-29T19:05:37 IST" duration-ms="1922">
      <class name="test.APITest1">
        <test-method is-config="true" signature="setup()[pri:0, instance:test.APITest1@402bba4f]" started-at="2023-08-29T19:05:35 IST" name="setup" finished-at="2023-08-29T19:05:36 IST" duration-ms="715" status="PASS">
          <reporter-output>
          </reporter-output>
        </test-method> <!-- setup -->
        <test-method signature="T01_StatusCodeAndGetClientsTest()[pri:0, instance:test.APITest1@402bba4f]" started-at="2023-08-29T19:05:36 IST" name="T01_StatusCodeAndGetClientsTest" finished-at="2023-08-29T19:05:37 IST" duration-ms="1176" status="PASS">
          <reporter-output>
          </reporter-output>
        </test-method> <!-- T01_StatusCodeAndGetClientsTest -->
        <test-method is-config="true" signature="afterTest()[pri:0, instance:test.APITest1@402bba4f]" started-at="2023-08-29T19:05:37 IST" name="afterTest" finished-at="2023-08-29T19:05:37 IST" duration-ms="0" status="PASS">
          <reporter-output>
          </reporter-output>
        </test-method> <!-- afterTest -->
      </class> <!-- test.APITest1 -->
    </test> <!-- Default test -->
  </suite> <!-- Default suite -->
</testng-results>
